# JRE version: OpenJDK Runtime Environment Temurin-21.0.5+11 (21.0.5+11) (build 21.0.5+11-LTS)
# Java VM: OpenJDK 64-Bit Server VM Temurin-21.0.5+11 (21.0.5+11-LTS, mixed mode, sharing, tiered, compressed oops, compressed class ptrs, parallel gc, windows-amd64)
GC Precious Log:
 CardTable entry size: 512
 CPUs: 8 total, 8 available
 Memory: 8001M
 Large Page Support: Disabled
 NUMA Support: Disabled
 Compressed Oops: Enabled (32-bit)
 Alignments: Space 512K, Generation 512K, Heap 2M
 Heap Min Capacity: 100M
 Heap Initial Capacity: 100M
 Heap Max Capacity: 1G
 Pre-touch: Disabled
 Parallel Workers: 8
Heap:
 PSYoungGen      total 23552K, used 6148K [0x00000000eab00000, 0x00000000ec600000, 0x0000000100000000)
  eden space 22016K, 21% used [0x00000000eab00000,0x00000000eafa13d0,0x00000000ec080000)
  from space 1536K, 91% used [0x00000000ec300000,0x00000000ec460000,0x00000000ec480000)
  to   space 1536K, 0% used [0x00000000ec480000,0x00000000ec480000,0x00000000ec600000)
 ParOldGen       total 68608K, used 21384K [0x00000000c0000000, 0x00000000c4300000, 0x00000000eab00000)
  object space 68608K, 31% used [0x00000000c0000000,0x00000000c14e2130,0x00000000c4300000)
 Metaspace       used 42223K, committed 43264K, reserved 1114112K
  class space    used 4412K, committed 4864K, reserved 1048576K
GC Heap History (20 events):
Event: 8.088 GC heap before
{Heap before GC invocations=10 (full 1):
 PSYoungGen      total 25088K, used 24731K [0x00000000eab00000, 0x00000000ec980000, 0x0000000100000000)
  eden space 24064K, 100% used [0x00000000eab00000,0x00000000ec280000,0x00000000ec280000)
  from space 1024K, 65% used [0x00000000ec880000,0x00000000ec926cb8,0x00000000ec980000)
  to   space 2048K, 0% used [0x00000000ec580000,0x00000000ec580000,0x00000000ec780000)
 ParOldGen       total 68608K, used 13216K [0x00000000c0000000, 0x00000000c4300000, 0x00000000eab00000)
  object space 68608K, 19% used [0x00000000c0000000,0x00000000c0ce82a0,0x00000000c4300000)
 Metaspace       used 26276K, committed 27200K, reserved 1114112K
  class space    used 2478K, committed 2880K, reserved 1048576K
}
Event: 8.091 GC heap after
{Heap after GC invocations=10 (full 1):
 PSYoungGen      total 25600K, used 1715K [0x00000000eab00000, 0x00000000ec900000, 0x0000000100000000)
  eden space 23552K, 0% used [0x00000000eab00000,0x00000000eab00000,0x00000000ec200000)
  from space 2048K, 83% used [0x00000000ec580000,0x00000000ec72cdd8,0x00000000ec780000)
  to   space 1536K, 0% used [0x00000000ec780000,0x00000000ec780000,0x00000000ec900000)
 ParOldGen       total 68608K, used 13997K [0x00000000c0000000, 0x00000000c4300000, 0x00000000eab00000)
  object space 68608K, 20% used [0x00000000c0000000,0x00000000c0dab7b0,0x00000000c4300000)
 Metaspace       used 26276K, committed 27200K, reserved 1114112K
  class space    used 2478K, committed 2880K, reserved 1048576K
}
Event: 8.590 GC heap before
{Heap before GC invocations=11 (full 1):
 PSYoungGen      total 25600K, used 25267K [0x00000000eab00000, 0x00000000ec900000, 0x0000000100000000)
  eden space 23552K, 100% used [0x00000000eab00000,0x00000000ec200000,0x00000000ec200000)
  from space 2048K, 83% used [0x00000000ec580000,0x00000000ec72cdd8,0x00000000ec780000)
  to   space 1536K, 0% used [0x00000000ec780000,0x00000000ec780000,0x00000000ec900000)
 ParOldGen       total 68608K, used 13997K [0x00000000c0000000, 0x00000000c4300000, 0x00000000eab00000)
  object space 68608K, 20% used [0x00000000c0000000,0x00000000c0dab7b0,0x00000000c4300000)
 Metaspace       used 28563K, committed 29504K, reserved 1114112K
  class space    used 2687K, committed 3072K, reserved 1048576K
}
Event: 8.592 GC heap after
{Heap after GC invocations=11 (full 1):
 PSYoungGen      total 24576K, used 1518K [0x00000000eab00000, 0x00000000ec900000, 0x0000000100000000)
  eden space 23040K, 0% used [0x00000000eab00000,0x00000000eab00000,0x00000000ec180000)
  from space 1536K, 98% used [0x00000000ec780000,0x00000000ec8fbb30,0x00000000ec900000)
  to   space 3072K, 0% used [0x00000000ec300000,0x00000000ec300000,0x00000000ec600000)
 ParOldGen       total 68608K, used 15238K [0x00000000c0000000, 0x00000000c4300000, 0x00000000eab00000)
  object space 68608K, 22% used [0x00000000c0000000,0x00000000c0ee1840,0x00000000c4300000)
 Metaspace       used 28563K, committed 29504K, reserved 1114112K
  class space    used 2687K, committed 3072K, reserved 1048576K
}
Event: 8.937 GC heap before
{Heap before GC invocations=12 (full 1):
 PSYoungGen      total 24576K, used 24558K [0x00000000eab00000, 0x00000000ec900000, 0x0000000100000000)
  eden space 23040K, 100% used [0x00000000eab00000,0x00000000ec180000,0x00000000ec180000)
  from space 1536K, 98% used [0x00000000ec780000,0x00000000ec8fbb30,0x00000000ec900000)
  to   space 3072K, 0% used [0x00000000ec300000,0x00000000ec300000,0x00000000ec600000)
 ParOldGen       total 68608K, used 15238K [0x00000000c0000000, 0x00000000c4300000, 0x00000000eab00000)
  object space 68608K, 22% used [0x00000000c0000000,0x00000000c0ee1840,0x00000000c4300000)
 Metaspace       used 31853K, committed 32832K, reserved 1114112K
  class space    used 3125K, committed 3520K, reserved 1048576K
}
Event: 8.941 GC heap after
{Heap after GC invocations=12 (full 1):
 PSYoungGen      total 25600K, used 1230K [0x00000000eab00000, 0x00000000ec800000, 0x0000000100000000)
  eden space 22528K, 0% used [0x00000000eab00000,0x00000000eab00000,0x00000000ec100000)
  from space 3072K, 40% used [0x00000000ec300000,0x00000000ec433878,0x00000000ec600000)
  to   space 2048K, 0% used [0x00000000ec600000,0x00000000ec600000,0x00000000ec800000)
 ParOldGen       total 68608K, used 16665K [0x00000000c0000000, 0x00000000c4300000, 0x00000000eab00000)
  object space 68608K, 24% used [0x00000000c0000000,0x00000000c10466a0,0x00000000c4300000)
 Metaspace       used 31853K, committed 32832K, reserved 1114112K
  class space    used 3125K, committed 3520K, reserved 1048576K
}
Event: 9.200 GC heap before
{Heap before GC invocations=13 (full 1):
 PSYoungGen      total 25600K, used 23758K [0x00000000eab00000, 0x00000000ec800000, 0x0000000100000000)
  eden space 22528K, 100% used [0x00000000eab00000,0x00000000ec100000,0x00000000ec100000)
  from space 3072K, 40% used [0x00000000ec300000,0x00000000ec433878,0x00000000ec600000)
  to   space 2048K, 0% used [0x00000000ec600000,0x00000000ec600000,0x00000000ec800000)
 ParOldGen       total 68608K, used 16665K [0x00000000c0000000, 0x00000000c4300000, 0x00000000eab00000)
  object space 68608K, 24% used [0x00000000c0000000,0x00000000c10466a0,0x00000000c4300000)
 Metaspace       used 34448K, committed 35456K, reserved 1114112K
  class space    used 3446K, committed 3840K, reserved 1048576K
}
Event: 9.205 GC heap after
{Heap after GC invocations=13 (full 1):
 PSYoungGen      total 24064K, used 1826K [0x00000000eab00000, 0x00000000ec800000, 0x0000000100000000)
  eden space 22016K, 0% used [0x00000000eab00000,0x00000000eab00000,0x00000000ec080000)
  from space 2048K, 89% used [0x00000000ec600000,0x00000000ec7c88f0,0x00000000ec800000)
  to   space 2048K, 0% used [0x00000000ec400000,0x00000000ec400000,0x00000000ec600000)
 ParOldGen       total 68608K, used 17696K [0x00000000c0000000, 0x00000000c4300000, 0x00000000eab00000)
  object space 68608K, 25% used [0x00000000c0000000,0x00000000c1148278,0x00000000c4300000)
 Metaspace       used 34448K, committed 35456K, reserved 1114112K
  class space    used 3446K, committed 3840K, reserved 1048576K
}
Event: 9.255 GC heap before
{Heap before GC invocations=14 (full 1):
 PSYoungGen      total 24064K, used 7733K [0x00000000eab00000, 0x00000000ec800000, 0x0000000100000000)
  eden space 22016K, 26% used [0x00000000eab00000,0x00000000eb0c4cd0,0x00000000ec080000)
  from space 2048K, 89% used [0x00000000ec600000,0x00000000ec7c88f0,0x00000000ec800000)
  to   space 2048K, 0% used [0x00000000ec400000,0x00000000ec400000,0x00000000ec600000)
 ParOldGen       total 68608K, used 17696K [0x00000000c0000000, 0x00000000c4300000, 0x00000000eab00000)
  object space 68608K, 25% used [0x00000000c0000000,0x00000000c1148278,0x00000000c4300000)
 Metaspace       used 34777K, committed 35840K, reserved 1114112K
  class space    used 3489K, committed 3968K, reserved 1048576K
}
Event: 9.260 GC heap after
{Heap after GC invocations=14 (full 1):
 PSYoungGen      total 23552K, used 1181K [0x00000000eab00000, 0x00000000ec680000, 0x0000000100000000)
  eden space 22016K, 0% used [0x00000000eab00000,0x00000000eab00000,0x00000000ec080000)
  from space 1536K, 76% used [0x00000000ec400000,0x00000000ec527678,0x00000000ec580000)
  to   space 1024K, 0% used [0x00000000ec580000,0x00000000ec580000,0x00000000ec680000)
 ParOldGen       total 68608K, used 19098K [0x00000000c0000000, 0x00000000c4300000, 0x00000000eab00000)
  object space 68608K, 27% used [0x00000000c0000000,0x00000000c12a6910,0x00000000c4300000)
 Metaspace       used 34777K, committed 35840K, reserved 1114112K
  class space    used 3489K, committed 3968K, reserved 1048576K
}
Event: 9.260 GC heap before
{Heap before GC invocations=15 (full 2):
 PSYoungGen      total 23552K, used 1181K [0x00000000eab00000, 0x00000000ec680000, 0x0000000100000000)
  eden space 22016K, 0% used [0x00000000eab00000,0x00000000eab00000,0x00000000ec080000)
  from space 1536K, 76% used [0x00000000ec400000,0x00000000ec527678,0x00000000ec580000)
  to   space 1024K, 0% used [0x00000000ec580000,0x00000000ec580000,0x00000000ec680000)
 ParOldGen       total 68608K, used 19098K [0x00000000c0000000, 0x00000000c4300000, 0x00000000eab00000)
  object space 68608K, 27% used [0x00000000c0000000,0x00000000c12a6910,0x00000000c4300000)
 Metaspace       used 34777K, committed 35840K, reserved 1114112K
  class space    used 3489K, committed 3968K, reserved 1048576K
}
Event: 9.321 GC heap after
{Heap after GC invocations=15 (full 2):
 PSYoungGen      total 23552K, used 0K [0x00000000eab00000, 0x00000000ec680000, 0x0000000100000000)
  eden space 22016K, 0% used [0x00000000eab00000,0x00000000eab00000,0x00000000ec080000)
  from space 1536K, 0% used [0x00000000ec400000,0x00000000ec400000,0x00000000ec580000)
  to   space 1024K, 0% used [0x00000000ec580000,0x00000000ec580000,0x00000000ec680000)
 ParOldGen       total 68608K, used 19392K [0x00000000c0000000, 0x00000000c4300000, 0x00000000eab00000)
  object space 68608K, 28% used [0x00000000c0000000,0x00000000c12f0110,0x00000000c4300000)
 Metaspace       used 34767K, committed 35840K, reserved 1114112K
  class space    used 3486K, committed 3968K, reserved 1048576K
}
Event: 9.602 GC heap before
{Heap before GC invocations=16 (full 2):
 PSYoungGen      total 23552K, used 22016K [0x00000000eab00000, 0x00000000ec680000, 0x0000000100000000)
  eden space 22016K, 100% used [0x00000000eab00000,0x00000000ec080000,0x00000000ec080000)
  from space 1536K, 0% used [0x00000000ec400000,0x00000000ec400000,0x00000000ec580000)
  to   space 1024K, 0% used [0x00000000ec580000,0x00000000ec580000,0x00000000ec680000)
 ParOldGen       total 68608K, used 19392K [0x00000000c0000000, 0x00000000c4300000, 0x00000000eab00000)
  object space 68608K, 28% used [0x00000000c0000000,0x00000000c12f0110,0x00000000c4300000)
 Metaspace       used 36465K, committed 37568K, reserved 1114112K
  class space    used 3709K, committed 4160K, reserved 1048576K
}
Event: 9.604 GC heap after
{Heap after GC invocations=16 (full 2):
 PSYoungGen      total 23040K, used 832K [0x00000000eab00000, 0x00000000ec680000, 0x0000000100000000)
  eden space 22016K, 0% used [0x00000000eab00000,0x00000000eab00000,0x00000000ec080000)
  from space 1024K, 81% used [0x00000000ec580000,0x00000000ec650000,0x00000000ec680000)
  to   space 1024K, 0% used [0x00000000ec480000,0x00000000ec480000,0x00000000ec580000)
 ParOldGen       total 68608K, used 19400K [0x00000000c0000000, 0x00000000c4300000, 0x00000000eab00000)
  object space 68608K, 28% used [0x00000000c0000000,0x00000000c12f2110,0x00000000c4300000)
 Metaspace       used 36465K, committed 37568K, reserved 1114112K
  class space    used 3709K, committed 4160K, reserved 1048576K
}
Event: 9.840 GC heap before
{Heap before GC invocations=17 (full 2):
 PSYoungGen      total 23040K, used 22848K [0x00000000eab00000, 0x00000000ec680000, 0x0000000100000000)
  eden space 22016K, 100% used [0x00000000eab00000,0x00000000ec080000,0x00000000ec080000)
  from space 1024K, 81% used [0x00000000ec580000,0x00000000ec650000,0x00000000ec680000)
  to   space 1024K, 0% used [0x00000000ec480000,0x00000000ec480000,0x00000000ec580000)
 ParOldGen       total 68608K, used 19400K [0x00000000c0000000, 0x00000000c4300000, 0x00000000eab00000)
  object space 68608K, 28% used [0x00000000c0000000,0x00000000c12f2110,0x00000000c4300000)
 Metaspace       used 37594K, committed 38720K, reserved 1114112K
  class space    used 3829K, committed 4288K, reserved 1048576K
}
Event: 9.844 GC heap after
{Heap after GC invocations=17 (full 2):
 PSYoungGen      total 23040K, used 992K [0x00000000eab00000, 0x00000000ec600000, 0x0000000100000000)
  eden space 22016K, 0% used [0x00000000eab00000,0x00000000eab00000,0x00000000ec080000)
  from space 1024K, 96% used [0x00000000ec480000,0x00000000ec578130,0x00000000ec580000)
  to   space 512K, 0% used [0x00000000ec580000,0x00000000ec580000,0x00000000ec600000)
 ParOldGen       total 68608K, used 20400K [0x00000000c0000000, 0x00000000c4300000, 0x00000000eab00000)
  object space 68608K, 29% used [0x00000000c0000000,0x00000000c13ec110,0x00000000c4300000)
 Metaspace       used 37594K, committed 38720K, reserved 1114112K
  class space    used 3829K, committed 4288K, reserved 1048576K
}
Event: 10.191 GC heap before
{Heap before GC invocations=18 (full 2):
 PSYoungGen      total 23040K, used 23008K [0x00000000eab00000, 0x00000000ec600000, 0x0000000100000000)
  eden space 22016K, 100% used [0x00000000eab00000,0x00000000ec080000,0x00000000ec080000)
  from space 1024K, 96% used [0x00000000ec480000,0x00000000ec578130,0x00000000ec580000)
  to   space 512K, 0% used [0x00000000ec580000,0x00000000ec580000,0x00000000ec600000)
 ParOldGen       total 68608K, used 20400K [0x00000000c0000000, 0x00000000c4300000, 0x00000000eab00000)
  object space 68608K, 29% used [0x00000000c0000000,0x00000000c13ec110,0x00000000c4300000)
 Metaspace       used 39046K, committed 40192K, reserved 1114112K
  class space    used 4015K, committed 4480K, reserved 1048576K
}
Event: 10.193 GC heap after
{Heap after GC invocations=18 (full 2):
 PSYoungGen      total 22528K, used 512K [0x00000000eab00000, 0x00000000ec600000, 0x0000000100000000)
  eden space 22016K, 0% used [0x00000000eab00000,0x00000000eab00000,0x00000000ec080000)
  from space 512K, 100% used [0x00000000ec580000,0x00000000ec600000,0x00000000ec600000)
  to   space 1536K, 0% used [0x00000000ec300000,0x00000000ec300000,0x00000000ec480000)
 ParOldGen       total 68608K, used 20936K [0x00000000c0000000, 0x00000000c4300000, 0x00000000eab00000)
  object space 68608K, 30% used [0x00000000c0000000,0x00000000c1472130,0x00000000c4300000)
 Metaspace       used 39046K, committed 40192K, reserved 1114112K
  class space    used 4015K, committed 4480K, reserved 1048576K
}
Event: 10.920 GC heap before
{Heap before GC invocations=19 (full 2):
 PSYoungGen      total 22528K, used 22528K [0x00000000eab00000, 0x00000000ec600000, 0x0000000100000000)
  eden space 22016K, 100% used [0x00000000eab00000,0x00000000ec080000,0x00000000ec080000)
  from space 512K, 100% used [0x00000000ec580000,0x00000000ec600000,0x00000000ec600000)
  to   space 1536K, 0% used [0x00000000ec300000,0x00000000ec300000,0x00000000ec480000)
 ParOldGen       total 68608K, used 20936K [0x00000000c0000000, 0x00000000c4300000, 0x00000000eab00000)
  object space 68608K, 30% used [0x00000000c0000000,0x00000000c1472130,0x00000000c4300000)
 Metaspace       used 41736K, committed 42880K, reserved 1114112K
  class space    used 4340K, committed 4800K, reserved 1048576K
}
Event: 10.923 GC heap after
{Heap after GC invocations=19 (full 2):
 PSYoungGen      total 23552K, used 1408K [0x00000000eab00000, 0x00000000ec600000, 0x0000000100000000)
  eden space 22016K, 0% used [0x00000000eab00000,0x00000000eab00000,0x00000000ec080000)
  from space 1536K, 91% used [0x00000000ec300000,0x00000000ec460000,0x00000000ec480000)
  to   space 1536K, 0% used [0x00000000ec480000,0x00000000ec480000,0x00000000ec600000)
 ParOldGen       total 68608K, used 21384K [0x00000000c0000000, 0x00000000c4300000, 0x00000000eab00000)
  object space 68608K, 31% used [0x00000000c0000000,0x00000000c14e2130,0x00000000c4300000)
 Metaspace       used 41736K, committed 42880K, reserved 1114112K
  class space    used 4340K, committed 4800K, reserved 1048576K
}

