# JRE version: OpenJDK Runtime Environment Temurin-21.0.5+11 (21.0.5+11) (build 21.0.5+11-LTS)
# Java VM: OpenJDK 64-Bit Server VM Temurin-21.0.5+11 (21.0.5+11-LTS, mixed mode, sharing, tiered, compressed oops, compressed class ptrs, parallel gc, windows-amd64)
GC Precious Log:
 CardTable entry size: 512
 CPUs: 8 total, 8 available
 Memory: 8001M
 Large Page Support: Disabled
 NUMA Support: Disabled
 Compressed Oops: Enabled (32-bit)
 Alignments: Space 512K, Generation 512K, Heap 2M
 Heap Min Capacity: 100M
 Heap Initial Capacity: 100M
 Heap Max Capacity: 1G
 Pre-touch: Disabled
 Parallel Workers: 8
Heap:
 PSYoungGen      total 12800K, used 9451K [0x00000000eab00000, 0x00000000ebd80000, 0x0000000100000000)
  eden space 10752K, 68% used [0x00000000eab00000,0x00000000eb23c830,0x00000000eb580000)
  from space 2048K, 99% used [0x00000000eb600000,0x00000000eb7fe790,0x00000000eb800000)
  to   space 4096K, 0% used [0x00000000eb980000,0x00000000eb980000,0x00000000ebd80000)
 ParOldGen       total 439808K, used 439599K [0x00000000c0000000, 0x00000000dad80000, 0x00000000eab00000)
  object space 439808K, 99% used [0x00000000c0000000,0x00000000dad4bca0,0x00000000dad80000)
 Metaspace       used 70978K, committed 72512K, reserved 1114112K
  class space    used 7847K, committed 8512K, reserved 1048576K
GC Heap History (20 events):
Event: 42.934 GC heap before
{Heap before GC invocations=577 (full 3):
 PSYoungGen      total 12800K, used 12576K [0x00000000eab00000, 0x00000000eb900000, 0x0000000100000000)
  eden space 11264K, 100% used [0x00000000eab00000,0x00000000eb600000,0x00000000eb600000)
  from space 1536K, 85% used [0x00000000eb600000,0x00000000eb748000,0x00000000eb780000)
  to   space 1536K, 0% used [0x00000000eb780000,0x00000000eb780000,0x00000000eb900000)
 ParOldGen       total 426496K, used 426214K [0x00000000c0000000, 0x00000000da080000, 0x00000000eab00000)
  object space 426496K, 99% used [0x00000000c0000000,0x00000000da039bd8,0x00000000da080000)
 Metaspace       used 70165K, committed 71744K, reserved 1114112K
  class space    used 7748K, committed 8448K, reserved 1048576K
}
Event: 42.937 GC heap after
{Heap after GC invocations=577 (full 3):
 PSYoungGen      total 12800K, used 1184K [0x00000000eab00000, 0x00000000eb900000, 0x0000000100000000)
  eden space 11264K, 0% used [0x00000000eab00000,0x00000000eab00000,0x00000000eb600000)
  from space 1536K, 77% used [0x00000000eb780000,0x00000000eb8a8000,0x00000000eb900000)
  to   space 1536K, 0% used [0x00000000eb600000,0x00000000eb600000,0x00000000eb780000)
 ParOldGen       total 427520K, used 427422K [0x00000000c0000000, 0x00000000da180000, 0x00000000eab00000)
  object space 427520K, 99% used [0x00000000c0000000,0x00000000da167bd8,0x00000000da180000)
 Metaspace       used 70165K, committed 71744K, reserved 1114112K
  class space    used 7748K, committed 8448K, reserved 1048576K
}
Event: 42.992 GC heap before
{Heap before GC invocations=578 (full 3):
 PSYoungGen      total 12800K, used 12448K [0x00000000eab00000, 0x00000000eb900000, 0x0000000100000000)
  eden space 11264K, 100% used [0x00000000eab00000,0x00000000eb600000,0x00000000eb600000)
  from space 1536K, 77% used [0x00000000eb780000,0x00000000eb8a8000,0x00000000eb900000)
  to   space 1536K, 0% used [0x00000000eb600000,0x00000000eb600000,0x00000000eb780000)
 ParOldGen       total 427520K, used 427422K [0x00000000c0000000, 0x00000000da180000, 0x00000000eab00000)
  object space 427520K, 99% used [0x00000000c0000000,0x00000000da167bd8,0x00000000da180000)
 Metaspace       used 70165K, committed 71744K, reserved 1114112K
  class space    used 7748K, committed 8448K, reserved 1048576K
}
Event: 42.995 GC heap after
{Heap after GC invocations=578 (full 3):
 PSYoungGen      total 12800K, used 1296K [0x00000000eab00000, 0x00000000eb900000, 0x0000000100000000)
  eden space 11264K, 0% used [0x00000000eab00000,0x00000000eab00000,0x00000000eb600000)
  from space 1536K, 84% used [0x00000000eb600000,0x00000000eb744228,0x00000000eb780000)
  to   space 1536K, 0% used [0x00000000eb780000,0x00000000eb780000,0x00000000eb900000)
 ParOldGen       total 428544K, used 428510K [0x00000000c0000000, 0x00000000da280000, 0x00000000eab00000)
  object space 428544K, 99% used [0x00000000c0000000,0x00000000da277bd8,0x00000000da280000)
 Metaspace       used 70165K, committed 71744K, reserved 1114112K
  class space    used 7748K, committed 8448K, reserved 1048576K
}
Event: 43.229 GC heap before
{Heap before GC invocations=579 (full 3):
 PSYoungGen      total 12800K, used 12560K [0x00000000eab00000, 0x00000000eb900000, 0x0000000100000000)
  eden space 11264K, 100% used [0x00000000eab00000,0x00000000eb600000,0x00000000eb600000)
  from space 1536K, 84% used [0x00000000eb600000,0x00000000eb744228,0x00000000eb780000)
  to   space 1536K, 0% used [0x00000000eb780000,0x00000000eb780000,0x00000000eb900000)
 ParOldGen       total 428544K, used 428510K [0x00000000c0000000, 0x00000000da280000, 0x00000000eab00000)
  object space 428544K, 99% used [0x00000000c0000000,0x00000000da277bd8,0x00000000da280000)
 Metaspace       used 70167K, committed 71744K, reserved 1114112K
  class space    used 7748K, committed 8448K, reserved 1048576K
}
Event: 43.235 GC heap after
{Heap after GC invocations=579 (full 3):
 PSYoungGen      total 12800K, used 1280K [0x00000000eab00000, 0x00000000eb900000, 0x0000000100000000)
  eden space 11264K, 0% used [0x00000000eab00000,0x00000000eab00000,0x00000000eb600000)
  from space 1536K, 83% used [0x00000000eb780000,0x00000000eb8c0000,0x00000000eb900000)
  to   space 1536K, 0% used [0x00000000eb600000,0x00000000eb600000,0x00000000eb780000)
 ParOldGen       total 430080K, used 429590K [0x00000000c0000000, 0x00000000da400000, 0x00000000eab00000)
  object space 430080K, 99% used [0x00000000c0000000,0x00000000da385bd8,0x00000000da400000)
 Metaspace       used 70167K, committed 71744K, reserved 1114112K
  class space    used 7748K, committed 8448K, reserved 1048576K
}
Event: 43.334 GC heap before
{Heap before GC invocations=580 (full 3):
 PSYoungGen      total 12800K, used 12544K [0x00000000eab00000, 0x00000000eb900000, 0x0000000100000000)
  eden space 11264K, 100% used [0x00000000eab00000,0x00000000eb600000,0x00000000eb600000)
  from space 1536K, 83% used [0x00000000eb780000,0x00000000eb8c0000,0x00000000eb900000)
  to   space 1536K, 0% used [0x00000000eb600000,0x00000000eb600000,0x00000000eb780000)
 ParOldGen       total 430080K, used 429590K [0x00000000c0000000, 0x00000000da400000, 0x00000000eab00000)
  object space 430080K, 99% used [0x00000000c0000000,0x00000000da385bd8,0x00000000da400000)
 Metaspace       used 70167K, committed 71744K, reserved 1114112K
  class space    used 7748K, committed 8448K, reserved 1048576K
}
Event: 43.338 GC heap after
{Heap after GC invocations=580 (full 3):
 PSYoungGen      total 12800K, used 1520K [0x00000000eab00000, 0x00000000ebc00000, 0x0000000100000000)
  eden space 11264K, 0% used [0x00000000eab00000,0x00000000eab00000,0x00000000eb600000)
  from space 1536K, 98% used [0x00000000eb600000,0x00000000eb77c008,0x00000000eb780000)
  to   space 3072K, 0% used [0x00000000eb900000,0x00000000eb900000,0x00000000ebc00000)
 ParOldGen       total 431104K, used 430758K [0x00000000c0000000, 0x00000000da500000, 0x00000000eab00000)
  object space 431104K, 99% used [0x00000000c0000000,0x00000000da4a9be8,0x00000000da500000)
 Metaspace       used 70167K, committed 71744K, reserved 1114112K
  class space    used 7748K, committed 8448K, reserved 1048576K
}
Event: 43.378 GC heap before
{Heap before GC invocations=581 (full 3):
 PSYoungGen      total 12800K, used 12784K [0x00000000eab00000, 0x00000000ebc00000, 0x0000000100000000)
  eden space 11264K, 100% used [0x00000000eab00000,0x00000000eb600000,0x00000000eb600000)
  from space 1536K, 98% used [0x00000000eb600000,0x00000000eb77c008,0x00000000eb780000)
  to   space 3072K, 0% used [0x00000000eb900000,0x00000000eb900000,0x00000000ebc00000)
 ParOldGen       total 431104K, used 430758K [0x00000000c0000000, 0x00000000da500000, 0x00000000eab00000)
  object space 431104K, 99% used [0x00000000c0000000,0x00000000da4a9be8,0x00000000da500000)
 Metaspace       used 70167K, committed 71744K, reserved 1114112K
  class space    used 7748K, committed 8448K, reserved 1048576K
}
Event: 43.381 GC heap after
{Heap after GC invocations=581 (full 3):
 PSYoungGen      total 12800K, used 1270K [0x00000000eab00000, 0x00000000eba80000, 0x0000000100000000)
  eden space 11264K, 0% used [0x00000000eab00000,0x00000000eab00000,0x00000000eb600000)
  from space 1536K, 82% used [0x00000000eb900000,0x00000000eba3d810,0x00000000eba80000)
  to   space 2048K, 0% used [0x00000000eb680000,0x00000000eb680000,0x00000000eb880000)
 ParOldGen       total 432640K, used 432238K [0x00000000c0000000, 0x00000000da680000, 0x00000000eab00000)
  object space 432640K, 99% used [0x00000000c0000000,0x00000000da61bbf0,0x00000000da680000)
 Metaspace       used 70167K, committed 71744K, reserved 1114112K
  class space    used 7748K, committed 8448K, reserved 1048576K
}
Event: 43.469 GC heap before
{Heap before GC invocations=582 (full 3):
 PSYoungGen      total 12800K, used 12534K [0x00000000eab00000, 0x00000000eba80000, 0x0000000100000000)
  eden space 11264K, 100% used [0x00000000eab00000,0x00000000eb600000,0x00000000eb600000)
  from space 1536K, 82% used [0x00000000eb900000,0x00000000eba3d810,0x00000000eba80000)
  to   space 2048K, 0% used [0x00000000eb680000,0x00000000eb680000,0x00000000eb880000)
 ParOldGen       total 432640K, used 432238K [0x00000000c0000000, 0x00000000da680000, 0x00000000eab00000)
  object space 432640K, 99% used [0x00000000c0000000,0x00000000da61bbf0,0x00000000da680000)
 Metaspace       used 70167K, committed 71744K, reserved 1114112K
  class space    used 7748K, committed 8448K, reserved 1048576K
}
Event: 43.472 GC heap after
{Heap after GC invocations=582 (full 3):
 PSYoungGen      total 12800K, used 1184K [0x00000000eab00000, 0x00000000eb980000, 0x0000000100000000)
  eden space 11264K, 0% used [0x00000000eab00000,0x00000000eab00000,0x00000000eb600000)
  from space 1536K, 77% used [0x00000000eb680000,0x00000000eb7a8000,0x00000000eb800000)
  to   space 1536K, 0% used [0x00000000eb800000,0x00000000eb800000,0x00000000eb980000)
 ParOldGen       total 433664K, used 433405K [0x00000000c0000000, 0x00000000da780000, 0x00000000eab00000)
  object space 433664K, 99% used [0x00000000c0000000,0x00000000da73f400,0x00000000da780000)
 Metaspace       used 70167K, committed 71744K, reserved 1114112K
  class space    used 7748K, committed 8448K, reserved 1048576K
}
Event: 43.737 GC heap before
{Heap before GC invocations=583 (full 3):
 PSYoungGen      total 12800K, used 12448K [0x00000000eab00000, 0x00000000eb980000, 0x0000000100000000)
  eden space 11264K, 100% used [0x00000000eab00000,0x00000000eb600000,0x00000000eb600000)
  from space 1536K, 77% used [0x00000000eb680000,0x00000000eb7a8000,0x00000000eb800000)
  to   space 1536K, 0% used [0x00000000eb800000,0x00000000eb800000,0x00000000eb980000)
 ParOldGen       total 433664K, used 433405K [0x00000000c0000000, 0x00000000da780000, 0x00000000eab00000)
  object space 433664K, 99% used [0x00000000c0000000,0x00000000da73f400,0x00000000da780000)
 Metaspace       used 70348K, committed 71872K, reserved 1114112K
  class space    used 7773K, committed 8448K, reserved 1048576K
}
Event: 43.741 GC heap after
{Heap after GC invocations=583 (full 3):
 PSYoungGen      total 12800K, used 1347K [0x00000000eab00000, 0x00000000eb980000, 0x0000000100000000)
  eden space 11264K, 0% used [0x00000000eab00000,0x00000000eab00000,0x00000000eb600000)
  from space 1536K, 87% used [0x00000000eb800000,0x00000000eb950de8,0x00000000eb980000)
  to   space 1536K, 0% used [0x00000000eb680000,0x00000000eb680000,0x00000000eb800000)
 ParOldGen       total 434688K, used 434501K [0x00000000c0000000, 0x00000000da880000, 0x00000000eab00000)
  object space 434688K, 99% used [0x00000000c0000000,0x00000000da851400,0x00000000da880000)
 Metaspace       used 70348K, committed 71872K, reserved 1114112K
  class space    used 7773K, committed 8448K, reserved 1048576K
}
Event: 43.851 GC heap before
{Heap before GC invocations=584 (full 3):
 PSYoungGen      total 12800K, used 12611K [0x00000000eab00000, 0x00000000eb980000, 0x0000000100000000)
  eden space 11264K, 100% used [0x00000000eab00000,0x00000000eb600000,0x00000000eb600000)
  from space 1536K, 87% used [0x00000000eb800000,0x00000000eb950de8,0x00000000eb980000)
  to   space 1536K, 0% used [0x00000000eb680000,0x00000000eb680000,0x00000000eb800000)
 ParOldGen       total 434688K, used 434501K [0x00000000c0000000, 0x00000000da880000, 0x00000000eab00000)
  object space 434688K, 99% used [0x00000000c0000000,0x00000000da851400,0x00000000da880000)
 Metaspace       used 70391K, committed 71872K, reserved 1114112K
  class space    used 7779K, committed 8448K, reserved 1048576K
}
Event: 43.855 GC heap after
{Heap after GC invocations=584 (full 3):
 PSYoungGen      total 12800K, used 1184K [0x00000000eab00000, 0x00000000eb900000, 0x0000000100000000)
  eden space 11264K, 0% used [0x00000000eab00000,0x00000000eab00000,0x00000000eb600000)
  from space 1536K, 77% used [0x00000000eb680000,0x00000000eb7a8020,0x00000000eb800000)
  to   space 1024K, 0% used [0x00000000eb800000,0x00000000eb800000,0x00000000eb900000)
 ParOldGen       total 435712K, used 435621K [0x00000000c0000000, 0x00000000da980000, 0x00000000eab00000)
  object space 435712K, 99% used [0x00000000c0000000,0x00000000da969468,0x00000000da980000)
 Metaspace       used 70391K, committed 71872K, reserved 1114112K
  class space    used 7779K, committed 8448K, reserved 1048576K
}
Event: 43.930 GC heap before
{Heap before GC invocations=585 (full 3):
 PSYoungGen      total 12800K, used 12448K [0x00000000eab00000, 0x00000000eb900000, 0x0000000100000000)
  eden space 11264K, 100% used [0x00000000eab00000,0x00000000eb600000,0x00000000eb600000)
  from space 1536K, 77% used [0x00000000eb680000,0x00000000eb7a8020,0x00000000eb800000)
  to   space 1024K, 0% used [0x00000000eb800000,0x00000000eb800000,0x00000000eb900000)
 ParOldGen       total 435712K, used 435621K [0x00000000c0000000, 0x00000000da980000, 0x00000000eab00000)
  object space 435712K, 99% used [0x00000000c0000000,0x00000000da969468,0x00000000da980000)
 Metaspace       used 70438K, committed 71936K, reserved 1114112K
  class space    used 7789K, committed 8448K, reserved 1048576K
}
Event: 43.935 GC heap after
{Heap after GC invocations=585 (full 3):
 PSYoungGen      total 11776K, used 1008K [0x00000000eab00000, 0x00000000ebb00000, 0x0000000100000000)
  eden space 10752K, 0% used [0x00000000eab00000,0x00000000eab00000,0x00000000eb580000)
  from space 1024K, 98% used [0x00000000eb800000,0x00000000eb8fc010,0x00000000eb900000)
  to   space 2560K, 0% used [0x00000000eb580000,0x00000000eb580000,0x00000000eb800000)
 ParOldGen       total 436736K, used 436653K [0x00000000c0000000, 0x00000000daa80000, 0x00000000eab00000)
  object space 436736K, 99% used [0x00000000c0000000,0x00000000daa6b488,0x00000000daa80000)
 Metaspace       used 70438K, committed 71936K, reserved 1114112K
  class space    used 7789K, committed 8448K, reserved 1048576K
}
Event: 44.051 GC heap before
{Heap before GC invocations=586 (full 3):
 PSYoungGen      total 11776K, used 11760K [0x00000000eab00000, 0x00000000ebb00000, 0x0000000100000000)
  eden space 10752K, 100% used [0x00000000eab00000,0x00000000eb580000,0x00000000eb580000)
  from space 1024K, 98% used [0x00000000eb800000,0x00000000eb8fc010,0x00000000eb900000)
  to   space 2560K, 0% used [0x00000000eb580000,0x00000000eb580000,0x00000000eb800000)
 ParOldGen       total 436736K, used 436653K [0x00000000c0000000, 0x00000000daa80000, 0x00000000eab00000)
  object space 436736K, 99% used [0x00000000c0000000,0x00000000daa6b488,0x00000000daa80000)
 Metaspace       used 70511K, committed 72000K, reserved 1114112K
  class space    used 7794K, committed 8448K, reserved 1048576K
}
Event: 44.056 GC heap after
{Heap after GC invocations=586 (full 3):
 PSYoungGen      total 13312K, used 2366K [0x00000000eab00000, 0x00000000eba80000, 0x0000000100000000)
  eden space 10752K, 0% used [0x00000000eab00000,0x00000000eab00000,0x00000000eb580000)
  from space 2560K, 92% used [0x00000000eb580000,0x00000000eb7cf9a0,0x00000000eb800000)
  to   space 2560K, 0% used [0x00000000eb800000,0x00000000eb800000,0x00000000eba80000)
 ParOldGen       total 437760K, used 437589K [0x00000000c0000000, 0x00000000dab80000, 0x00000000eab00000)
  object space 437760K, 99% used [0x00000000c0000000,0x00000000dab55488,0x00000000dab80000)
 Metaspace       used 70511K, committed 72000K, reserved 1114112K
  class space    used 7794K, committed 8448K, reserved 1048576K
}

