# JRE version: OpenJDK Runtime Environment Temurin-21.0.5+11 (21.0.5+11) (build 21.0.5+11-LTS)
# Java VM: OpenJDK 64-Bit Server VM Temurin-21.0.5+11 (21.0.5+11-LTS, mixed mode, sharing, tiered, compressed oops, compressed class ptrs, parallel gc, windows-amd64)
GC Precious Log:
 CardTable entry size: 512
 CPUs: 8 total, 8 available
 Memory: 8001M
 Large Page Support: Disabled
 NUMA Support: Disabled
 Compressed Oops: Enabled (32-bit)
 Alignments: Space 512K, Generation 512K, Heap 2M
 Heap Min Capacity: 100M
 Heap Initial Capacity: 100M
 Heap Max Capacity: 1G
 Pre-touch: Disabled
 Parallel Workers: 8
Heap:
 PSYoungGen      total 6144K, used 3441K [0x00000000eab00000, 0x00000000eb400000, 0x0000000100000000)
  eden space 5632K, 53% used [0x00000000eab00000,0x00000000eadec308,0x00000000eb080000)
  from space 512K, 97% used [0x00000000eb080000,0x00000000eb0fc7c0,0x00000000eb100000)
  to   space 1024K, 0% used [0x00000000eb300000,0x00000000eb300000,0x00000000eb400000)
 ParOldGen       total 281600K, used 272952K [0x00000000c0000000, 0x00000000d1300000, 0x00000000eab00000)
  object space 281600K, 96% used [0x00000000c0000000,0x00000000d0a8e398,0x00000000d1300000)
 Metaspace       used 68982K, committed 70464K, reserved 1114112K
  class space    used 7640K, committed 8256K, reserved 1048576K
GC Heap History (20 events):
Event: 49.031 GC heap before
{Heap before GC invocations=368 (full 4):
 PSYoungGen      total 4096K, used 3806K [0x00000000eab00000, 0x00000000eb000000, 0x0000000100000000)
  eden space 3072K, 100% used [0x00000000eab00000,0x00000000eae00000,0x00000000eae00000)
  from space 1024K, 71% used [0x00000000eae00000,0x00000000eaeb7870,0x00000000eaf00000)
  to   space 1024K, 0% used [0x00000000eaf00000,0x00000000eaf00000,0x00000000eb000000)
 ParOldGen       total 281600K, used 263397K [0x00000000c0000000, 0x00000000d1300000, 0x00000000eab00000)
  object space 281600K, 93% used [0x00000000c0000000,0x00000000d01396b8,0x00000000d1300000)
 Metaspace       used 68978K, committed 70464K, reserved 1114112K
  class space    used 7640K, committed 8256K, reserved 1048576K
}
Event: 49.033 GC heap after
{Heap after GC invocations=368 (full 4):
 PSYoungGen      total 4096K, used 586K [0x00000000eab00000, 0x00000000eb000000, 0x0000000100000000)
  eden space 3072K, 0% used [0x00000000eab00000,0x00000000eab00000,0x00000000eae00000)
  from space 1024K, 57% used [0x00000000eaf00000,0x00000000eaf92ba8,0x00000000eb000000)
  to   space 1024K, 0% used [0x00000000eae00000,0x00000000eae00000,0x00000000eaf00000)
 ParOldGen       total 281600K, used 264011K [0x00000000c0000000, 0x00000000d1300000, 0x00000000eab00000)
  object space 281600K, 93% used [0x00000000c0000000,0x00000000d01d2e18,0x00000000d1300000)
 Metaspace       used 68978K, committed 70464K, reserved 1114112K
  class space    used 7640K, committed 8256K, reserved 1048576K
}
Event: 49.053 GC heap before
{Heap before GC invocations=369 (full 4):
 PSYoungGen      total 4096K, used 3658K [0x00000000eab00000, 0x00000000eb000000, 0x0000000100000000)
  eden space 3072K, 100% used [0x00000000eab00000,0x00000000eae00000,0x00000000eae00000)
  from space 1024K, 57% used [0x00000000eaf00000,0x00000000eaf92ba8,0x00000000eb000000)
  to   space 1024K, 0% used [0x00000000eae00000,0x00000000eae00000,0x00000000eaf00000)
 ParOldGen       total 281600K, used 264011K [0x00000000c0000000, 0x00000000d1300000, 0x00000000eab00000)
  object space 281600K, 93% used [0x00000000c0000000,0x00000000d01d2e18,0x00000000d1300000)
 Metaspace       used 68980K, committed 70464K, reserved 1114112K
  class space    used 7640K, committed 8256K, reserved 1048576K
}
Event: 49.055 GC heap after
{Heap after GC invocations=369 (full 4):
 PSYoungGen      total 4096K, used 732K [0x00000000eab00000, 0x00000000eb000000, 0x0000000100000000)
  eden space 3072K, 0% used [0x00000000eab00000,0x00000000eab00000,0x00000000eae00000)
  from space 1024K, 71% used [0x00000000eae00000,0x00000000eaeb7268,0x00000000eaf00000)
  to   space 1024K, 0% used [0x00000000eaf00000,0x00000000eaf00000,0x00000000eb000000)
 ParOldGen       total 281600K, used 264404K [0x00000000c0000000, 0x00000000d1300000, 0x00000000eab00000)
  object space 281600K, 93% used [0x00000000c0000000,0x00000000d02350e0,0x00000000d1300000)
 Metaspace       used 68980K, committed 70464K, reserved 1114112K
  class space    used 7640K, committed 8256K, reserved 1048576K
}
Event: 49.070 GC heap before
{Heap before GC invocations=370 (full 4):
 PSYoungGen      total 4096K, used 3804K [0x00000000eab00000, 0x00000000eb000000, 0x0000000100000000)
  eden space 3072K, 100% used [0x00000000eab00000,0x00000000eae00000,0x00000000eae00000)
  from space 1024K, 71% used [0x00000000eae00000,0x00000000eaeb7268,0x00000000eaf00000)
  to   space 1024K, 0% used [0x00000000eaf00000,0x00000000eaf00000,0x00000000eb000000)
 ParOldGen       total 281600K, used 264404K [0x00000000c0000000, 0x00000000d1300000, 0x00000000eab00000)
  object space 281600K, 93% used [0x00000000c0000000,0x00000000d02350e0,0x00000000d1300000)
 Metaspace       used 68980K, committed 70464K, reserved 1114112K
  class space    used 7640K, committed 8256K, reserved 1048576K
}
Event: 49.072 GC heap after
{Heap after GC invocations=370 (full 4):
 PSYoungGen      total 3584K, used 1016K [0x00000000eab00000, 0x00000000eb100000, 0x0000000100000000)
  eden space 2560K, 0% used [0x00000000eab00000,0x00000000eab00000,0x00000000ead80000)
  from space 1024K, 99% used [0x00000000eaf00000,0x00000000eaffe250,0x00000000eb000000)
  to   space 1536K, 0% used [0x00000000ead80000,0x00000000ead80000,0x00000000eaf00000)
 ParOldGen       total 281600K, used 265050K [0x00000000c0000000, 0x00000000d1300000, 0x00000000eab00000)
  object space 281600K, 94% used [0x00000000c0000000,0x00000000d02d6930,0x00000000d1300000)
 Metaspace       used 68980K, committed 70464K, reserved 1114112K
  class space    used 7640K, committed 8256K, reserved 1048576K
}
Event: 49.082 GC heap before
{Heap before GC invocations=371 (full 4):
 PSYoungGen      total 3584K, used 3247K [0x00000000eab00000, 0x00000000eb100000, 0x0000000100000000)
  eden space 2560K, 87% used [0x00000000eab00000,0x00000000ead2db20,0x00000000ead80000)
  from space 1024K, 99% used [0x00000000eaf00000,0x00000000eaffe250,0x00000000eb000000)
  to   space 1536K, 0% used [0x00000000ead80000,0x00000000ead80000,0x00000000eaf00000)
 ParOldGen       total 281600K, used 265050K [0x00000000c0000000, 0x00000000d1300000, 0x00000000eab00000)
  object space 281600K, 94% used [0x00000000c0000000,0x00000000d02d6930,0x00000000d1300000)
 Metaspace       used 68981K, committed 70464K, reserved 1114112K
  class space    used 7640K, committed 8256K, reserved 1048576K
}
Event: 49.085 GC heap after
{Heap after GC invocations=371 (full 4):
 PSYoungGen      total 3072K, used 372K [0x00000000eab00000, 0x00000000eaf80000, 0x0000000100000000)
  eden space 2560K, 0% used [0x00000000eab00000,0x00000000eab00000,0x00000000ead80000)
  from space 512K, 72% used [0x00000000ead80000,0x00000000eaddd1a8,0x00000000eae00000)
  to   space 1024K, 0% used [0x00000000eae80000,0x00000000eae80000,0x00000000eaf80000)
 ParOldGen       total 281600K, used 265952K [0x00000000c0000000, 0x00000000d1300000, 0x00000000eab00000)
  object space 281600K, 94% used [0x00000000c0000000,0x00000000d03b8008,0x00000000d1300000)
 Metaspace       used 68981K, committed 70464K, reserved 1114112K
  class space    used 7640K, committed 8256K, reserved 1048576K
}
Event: 49.094 GC heap before
{Heap before GC invocations=372 (full 4):
 PSYoungGen      total 3072K, used 2932K [0x00000000eab00000, 0x00000000eaf80000, 0x0000000100000000)
  eden space 2560K, 99% used [0x00000000eab00000,0x00000000ead7fff0,0x00000000ead80000)
  from space 512K, 72% used [0x00000000ead80000,0x00000000eaddd1a8,0x00000000eae00000)
  to   space 1024K, 0% used [0x00000000eae80000,0x00000000eae80000,0x00000000eaf80000)
 ParOldGen       total 281600K, used 265952K [0x00000000c0000000, 0x00000000d1300000, 0x00000000eab00000)
  object space 281600K, 94% used [0x00000000c0000000,0x00000000d03b8008,0x00000000d1300000)
 Metaspace       used 68981K, committed 70464K, reserved 1114112K
  class space    used 7640K, committed 8256K, reserved 1048576K
}
Event: 49.096 GC heap after
{Heap after GC invocations=372 (full 4):
 PSYoungGen      total 3584K, used 861K [0x00000000eab00000, 0x00000000eaf80000, 0x0000000100000000)
  eden space 2560K, 0% used [0x00000000eab00000,0x00000000eab00000,0x00000000ead80000)
  from space 1024K, 84% used [0x00000000eae80000,0x00000000eaf57778,0x00000000eaf80000)
  to   space 1024K, 0% used [0x00000000ead80000,0x00000000ead80000,0x00000000eae80000)
 ParOldGen       total 281600K, used 266232K [0x00000000c0000000, 0x00000000d1300000, 0x00000000eab00000)
  object space 281600K, 94% used [0x00000000c0000000,0x00000000d03fe2e0,0x00000000d1300000)
 Metaspace       used 68981K, committed 70464K, reserved 1114112K
  class space    used 7640K, committed 8256K, reserved 1048576K
}
Event: 49.103 GC heap before
{Heap before GC invocations=373 (full 4):
 PSYoungGen      total 3584K, used 3421K [0x00000000eab00000, 0x00000000eaf80000, 0x0000000100000000)
  eden space 2560K, 99% used [0x00000000eab00000,0x00000000ead7ffa8,0x00000000ead80000)
  from space 1024K, 84% used [0x00000000eae80000,0x00000000eaf57778,0x00000000eaf80000)
  to   space 1024K, 0% used [0x00000000ead80000,0x00000000ead80000,0x00000000eae80000)
 ParOldGen       total 281600K, used 266232K [0x00000000c0000000, 0x00000000d1300000, 0x00000000eab00000)
  object space 281600K, 94% used [0x00000000c0000000,0x00000000d03fe2e0,0x00000000d1300000)
 Metaspace       used 68981K, committed 70464K, reserved 1114112K
  class space    used 7640K, committed 8256K, reserved 1048576K
}
Event: 49.106 GC heap after
{Heap after GC invocations=373 (full 4):
 PSYoungGen      total 3584K, used 430K [0x00000000eab00000, 0x00000000eb000000, 0x0000000100000000)
  eden space 2560K, 0% used [0x00000000eab00000,0x00000000eab00000,0x00000000ead80000)
  from space 1024K, 42% used [0x00000000ead80000,0x00000000eadeb8b8,0x00000000eae80000)
  to   space 1024K, 0% used [0x00000000eaf00000,0x00000000eaf00000,0x00000000eb000000)
 ParOldGen       total 281600K, used 266965K [0x00000000c0000000, 0x00000000d1300000, 0x00000000eab00000)
  object space 281600K, 94% used [0x00000000c0000000,0x00000000d04b56f8,0x00000000d1300000)
 Metaspace       used 68981K, committed 70464K, reserved 1114112K
  class space    used 7640K, committed 8256K, reserved 1048576K
}
Event: 49.113 GC heap before
{Heap before GC invocations=374 (full 4):
 PSYoungGen      total 3584K, used 2990K [0x00000000eab00000, 0x00000000eb000000, 0x0000000100000000)
  eden space 2560K, 100% used [0x00000000eab00000,0x00000000ead80000,0x00000000ead80000)
  from space 1024K, 42% used [0x00000000ead80000,0x00000000eadeb8b8,0x00000000eae80000)
  to   space 1024K, 0% used [0x00000000eaf00000,0x00000000eaf00000,0x00000000eb000000)
 ParOldGen       total 281600K, used 266965K [0x00000000c0000000, 0x00000000d1300000, 0x00000000eab00000)
  object space 281600K, 94% used [0x00000000c0000000,0x00000000d04b56f8,0x00000000d1300000)
 Metaspace       used 68981K, committed 70464K, reserved 1114112K
  class space    used 7640K, committed 8256K, reserved 1048576K
}
Event: 49.115 GC heap after
{Heap after GC invocations=374 (full 4):
 PSYoungGen      total 3584K, used 338K [0x00000000eab00000, 0x00000000eaf80000, 0x0000000100000000)
  eden space 3072K, 0% used [0x00000000eab00000,0x00000000eab00000,0x00000000eae00000)
  from space 512K, 66% used [0x00000000eaf00000,0x00000000eaf54a78,0x00000000eaf80000)
  to   space 512K, 0% used [0x00000000eae80000,0x00000000eae80000,0x00000000eaf00000)
 ParOldGen       total 281600K, used 267307K [0x00000000c0000000, 0x00000000d1300000, 0x00000000eab00000)
  object space 281600K, 94% used [0x00000000c0000000,0x00000000d050af80,0x00000000d1300000)
 Metaspace       used 68981K, committed 70464K, reserved 1114112K
  class space    used 7640K, committed 8256K, reserved 1048576K
}
Event: 49.123 GC heap before
{Heap before GC invocations=375 (full 4):
 PSYoungGen      total 3584K, used 3410K [0x00000000eab00000, 0x00000000eaf80000, 0x0000000100000000)
  eden space 3072K, 100% used [0x00000000eab00000,0x00000000eae00000,0x00000000eae00000)
  from space 512K, 66% used [0x00000000eaf00000,0x00000000eaf54a78,0x00000000eaf80000)
  to   space 512K, 0% used [0x00000000eae80000,0x00000000eae80000,0x00000000eaf00000)
 ParOldGen       total 281600K, used 267307K [0x00000000c0000000, 0x00000000d1300000, 0x00000000eab00000)
  object space 281600K, 94% used [0x00000000c0000000,0x00000000d050af80,0x00000000d1300000)
 Metaspace       used 68981K, committed 70464K, reserved 1114112K
  class space    used 7640K, committed 8256K, reserved 1048576K
}
Event: 49.126 GC heap after
{Heap after GC invocations=375 (full 4):
 PSYoungGen      total 4096K, used 480K [0x00000000eab00000, 0x00000000eb100000, 0x0000000100000000)
  eden space 3584K, 0% used [0x00000000eab00000,0x00000000eab00000,0x00000000eae80000)
  from space 512K, 93% used [0x00000000eae80000,0x00000000eaef8010,0x00000000eaf00000)
  to   space 1024K, 0% used [0x00000000eb000000,0x00000000eb000000,0x00000000eb100000)
 ParOldGen       total 281600K, used 267579K [0x00000000c0000000, 0x00000000d1300000, 0x00000000eab00000)
  object space 281600K, 95% used [0x00000000c0000000,0x00000000d054ef50,0x00000000d1300000)
 Metaspace       used 68981K, committed 70464K, reserved 1114112K
  class space    used 7640K, committed 8256K, reserved 1048576K
}
Event: 49.141 GC heap before
{Heap before GC invocations=376 (full 4):
 PSYoungGen      total 4096K, used 4064K [0x00000000eab00000, 0x00000000eb100000, 0x0000000100000000)
  eden space 3584K, 100% used [0x00000000eab00000,0x00000000eae80000,0x00000000eae80000)
  from space 512K, 93% used [0x00000000eae80000,0x00000000eaef8010,0x00000000eaf00000)
  to   space 1024K, 0% used [0x00000000eb000000,0x00000000eb000000,0x00000000eb100000)
 ParOldGen       total 281600K, used 267579K [0x00000000c0000000, 0x00000000d1300000, 0x00000000eab00000)
  object space 281600K, 95% used [0x00000000c0000000,0x00000000d054ef50,0x00000000d1300000)
 Metaspace       used 68981K, committed 70464K, reserved 1114112K
  class space    used 7640K, committed 8256K, reserved 1048576K
}
Event: 49.145 GC heap after
{Heap after GC invocations=376 (full 4):
 PSYoungGen      total 5120K, used 494K [0x00000000eab00000, 0x00000000eb180000, 0x0000000100000000)
  eden space 4096K, 0% used [0x00000000eab00000,0x00000000eab00000,0x00000000eaf00000)
  from space 1024K, 48% used [0x00000000eb000000,0x00000000eb07b8e8,0x00000000eb100000)
  to   space 1024K, 0% used [0x00000000eaf00000,0x00000000eaf00000,0x00000000eb000000)
 ParOldGen       total 281600K, used 268018K [0x00000000c0000000, 0x00000000d1300000, 0x00000000eab00000)
  object space 281600K, 95% used [0x00000000c0000000,0x00000000d05bc808,0x00000000d1300000)
 Metaspace       used 68981K, committed 70464K, reserved 1114112K
  class space    used 7640K, committed 8256K, reserved 1048576K
}
Event: 49.156 GC heap before
{Heap before GC invocations=377 (full 4):
 PSYoungGen      total 5120K, used 4590K [0x00000000eab00000, 0x00000000eb180000, 0x0000000100000000)
  eden space 4096K, 100% used [0x00000000eab00000,0x00000000eaf00000,0x00000000eaf00000)
  from space 1024K, 48% used [0x00000000eb000000,0x00000000eb07b8e8,0x00000000eb100000)
  to   space 1024K, 0% used [0x00000000eaf00000,0x00000000eaf00000,0x00000000eb000000)
 ParOldGen       total 281600K, used 268018K [0x00000000c0000000, 0x00000000d1300000, 0x00000000eab00000)
  object space 281600K, 95% used [0x00000000c0000000,0x00000000d05bc808,0x00000000d1300000)
 Metaspace       used 68981K, committed 70464K, reserved 1114112K
  class space    used 7640K, committed 8256K, reserved 1048576K
}
Event: 49.158 GC heap after
{Heap after GC invocations=377 (full 4):
 PSYoungGen      total 5120K, used 611K [0x00000000eab00000, 0x00000000eb200000, 0x0000000100000000)
  eden space 4096K, 0% used [0x00000000eab00000,0x00000000eab00000,0x00000000eaf00000)
  from space 1024K, 59% used [0x00000000eaf00000,0x00000000eaf98e78,0x00000000eb000000)
  to   space 1024K, 0% used [0x00000000eb100000,0x00000000eb100000,0x00000000eb200000)
 ParOldGen       total 281600K, used 268364K [0x00000000c0000000, 0x00000000d1300000, 0x00000000eab00000)
  object space 281600K, 95% used [0x00000000c0000000,0x00000000d0613368,0x00000000d1300000)
 Metaspace       used 68981K, committed 70464K, reserved 1114112K
  class space    used 7640K, committed 8256K, reserved 1048576K
}

